{"contracts/Exchange.sol":{"l":{"33":0,"34":0,"41":0,"48":0,"49":0,"57":0,"65":0,"72":0,"79":0,"80":0,"92":0,"105":0,"107":0,"109":0,"111":0,"112":0,"113":0,"114":0,"117":0,"118":0,"119":0,"122":0,"142":0,"156":0,"157":0,"159":0,"160":0,"161":0,"163":0,"172":0,"179":0,"180":0,"182":0,"183":0,"185":0,"187":0,"188":0,"195":0,"197":0,"198":0,"200":0,"201":0,"202":0,"203":0,"204":0,"206":0,"207":0},"path":"/Users/remybaranx/perso/projets/web3/swap-p2p/smart-contracts/contracts/Exchange.sol","s":{"1":0,"2":0,"3":0,"4":0,"5":0,"6":0,"7":0,"8":0,"9":0,"10":0,"11":0,"12":0,"13":0,"14":0,"15":0,"16":0,"17":0,"18":0,"19":0,"20":0,"21":0,"22":0,"23":0,"24":0,"25":0,"26":0,"27":0,"28":0,"29":0,"30":0,"31":0,"32":0,"33":0,"34":0,"35":0,"36":0,"37":0,"38":0,"39":0,"40":0,"41":0,"42":0},"b":{"1":[0,0],"2":[0,0],"3":[0,0],"4":[0,0],"5":[0,0],"6":[0,0],"7":[0,0],"8":[0,0],"9":[0,0],"10":[0,0],"11":[0,0],"12":[0,0],"13":[0,0],"14":[0,0],"15":[0,0],"16":[0,0],"17":[0,0],"18":[0,0]},"f":{"1":0,"2":0,"3":0,"4":0,"5":0,"6":0,"7":0,"8":0,"9":0,"10":0,"11":0,"12":0,"13":0},"fnMap":{"1":{"name":"constructor","line":32,"loc":{"start":{"line":32,"column":4},"end":{"line":35,"column":4}}},"2":{"name":null,"line":37,"loc":{"start":{"line":37,"column":4},"end":{"line":38,"column":4}}},"3":{"name":"withdraw","line":47,"loc":{"start":{"line":47,"column":4},"end":{"line":50,"column":4}}},"4":{"name":"setMakerFees","line":56,"loc":{"start":{"line":56,"column":4},"end":{"line":58,"column":4}}},"5":{"name":"setTakerFees","line":64,"loc":{"start":{"line":64,"column":4},"end":{"line":66,"column":4}}},"6":{"name":"getOffers","line":71,"loc":{"start":{"line":71,"column":4},"end":{"line":73,"column":4}}},"7":{"name":"getOffer","line":78,"loc":{"start":{"line":78,"column":4},"end":{"line":81,"column":4}}},"8":{"name":"editOffer","line":86,"loc":{"start":{"line":86,"column":4},"end":{"line":93,"column":4}}},"9":{"name":"editReservedOffer","line":98,"loc":{"start":{"line":98,"column":4},"end":{"line":131,"column":4}}},"10":{"name":"createOffer","line":136,"loc":{"start":{"line":136,"column":4},"end":{"line":143,"column":4}}},"11":{"name":"createReservedOffer","line":149,"loc":{"start":{"line":149,"column":4},"end":{"line":173,"column":4}}},"12":{"name":"cancelOffer","line":178,"loc":{"start":{"line":178,"column":4},"end":{"line":189,"column":4}}},"13":{"name":"buyOffer","line":194,"loc":{"start":{"line":194,"column":4},"end":{"line":208,"column":4}}}},"statementMap":{"1":{"start":{"line":48,"column":8},"end":{"line":48,"column":81}},"2":{"start":{"line":49,"column":8},"end":{"line":49,"column":41}},"3":{"start":{"line":72,"column":8},"end":{"line":72,"column":31}},"4":{"start":{"line":79,"column":8},"end":{"line":79,"column":66}},"5":{"start":{"line":80,"column":8},"end":{"line":80,"column":30}},"6":{"start":{"line":92,"column":8},"end":{"line":92,"column":88}},"7":{"start":{"line":105,"column":8},"end":{"line":105,"column":51}},"8":{"start":{"line":107,"column":8},"end":{"line":107,"column":69}},"9":{"start":{"line":109,"column":8},"end":{"line":109,"column":46}},"10":{"start":{"line":111,"column":8},"end":{"line":111,"column":2922}},"11":{"start":{"line":112,"column":12},"end":{"line":112,"column":72}},"12":{"start":{"line":113,"column":12},"end":{"line":113,"column":51}},"13":{"start":{"line":114,"column":12},"end":{"line":114,"column":69}},"14":{"start":{"line":117,"column":9},"end":{"line":117,"column":3189}},"15":{"start":{"line":118,"column":12},"end":{"line":118,"column":78}},"16":{"start":{"line":119,"column":12},"end":{"line":119,"column":75}},"17":{"start":{"line":122,"column":8},"end":{"line":122,"column":3415}},"18":{"start":{"line":142,"column":8},"end":{"line":142,"column":104}},"19":{"start":{"line":156,"column":8},"end":{"line":156,"column":69}},"20":{"start":{"line":157,"column":8},"end":{"line":157,"column":78}},"21":{"start":{"line":159,"column":8},"end":{"line":159,"column":47}},"22":{"start":{"line":160,"column":8},"end":{"line":160,"column":96}},"23":{"start":{"line":161,"column":8},"end":{"line":161,"column":109}},"24":{"start":{"line":163,"column":8},"end":{"line":163,"column":4831}},"25":{"start":{"line":172,"column":8},"end":{"line":172,"column":29}},"26":{"start":{"line":179,"column":8},"end":{"line":179,"column":51}},"27":{"start":{"line":180,"column":8},"end":{"line":180,"column":77}},"28":{"start":{"line":182,"column":8},"end":{"line":182,"column":46}},"29":{"start":{"line":183,"column":8},"end":{"line":183,"column":57}},"30":{"start":{"line":185,"column":8},"end":{"line":185,"column":47}},"31":{"start":{"line":187,"column":8},"end":{"line":187,"column":25}},"32":{"start":{"line":188,"column":8},"end":{"line":188,"column":29}},"33":{"start":{"line":195,"column":8},"end":{"line":195,"column":66}},"34":{"start":{"line":197,"column":8},"end":{"line":197,"column":51}},"35":{"start":{"line":198,"column":8},"end":{"line":198,"column":73}},"36":{"start":{"line":200,"column":8},"end":{"line":200,"column":46}},"37":{"start":{"line":201,"column":8},"end":{"line":201,"column":50}},"38":{"start":{"line":202,"column":8},"end":{"line":202,"column":99}},"39":{"start":{"line":203,"column":8},"end":{"line":203,"column":114}},"40":{"start":{"line":204,"column":8},"end":{"line":204,"column":97}},"41":{"start":{"line":206,"column":8},"end":{"line":206,"column":25}},"42":{"start":{"line":207,"column":8},"end":{"line":207,"column":29}}},"branchMap":{"1":{"line":47,"type":"if","locations":[{"start":{"line":47,"column":46},"end":{"line":47,"column":46}},{"start":{"line":47,"column":46},"end":{"line":47,"column":46}}]},"2":{"line":48,"type":"if","locations":[{"start":{"line":48,"column":8},"end":{"line":48,"column":8}},{"start":{"line":48,"column":8},"end":{"line":48,"column":8}}]},"3":{"line":56,"type":"if","locations":[{"start":{"line":56,"column":56},"end":{"line":56,"column":56}},{"start":{"line":56,"column":56},"end":{"line":56,"column":56}}]},"4":{"line":64,"type":"if","locations":[{"start":{"line":64,"column":56},"end":{"line":64,"column":56}},{"start":{"line":64,"column":56},"end":{"line":64,"column":56}}]},"5":{"line":79,"type":"if","locations":[{"start":{"line":79,"column":8},"end":{"line":79,"column":8}},{"start":{"line":79,"column":8},"end":{"line":79,"column":8}}]},"6":{"line":107,"type":"if","locations":[{"start":{"line":107,"column":8},"end":{"line":107,"column":8}},{"start":{"line":107,"column":8},"end":{"line":107,"column":8}}]},"7":{"line":111,"type":"if","locations":[{"start":{"line":111,"column":8},"end":{"line":111,"column":8}},{"start":{"line":111,"column":8},"end":{"line":111,"column":8}}]},"8":{"line":117,"type":"if","locations":[{"start":{"line":117,"column":9},"end":{"line":117,"column":9}},{"start":{"line":117,"column":9},"end":{"line":117,"column":9}}]},"9":{"line":156,"type":"if","locations":[{"start":{"line":156,"column":8},"end":{"line":156,"column":8}},{"start":{"line":156,"column":8},"end":{"line":156,"column":8}}]},"10":{"line":157,"type":"if","locations":[{"start":{"line":157,"column":8},"end":{"line":157,"column":8}},{"start":{"line":157,"column":8},"end":{"line":157,"column":8}}]},"11":{"line":160,"type":"if","locations":[{"start":{"line":160,"column":8},"end":{"line":160,"column":8}},{"start":{"line":160,"column":8},"end":{"line":160,"column":8}}]},"12":{"line":161,"type":"if","locations":[{"start":{"line":161,"column":8},"end":{"line":161,"column":8}},{"start":{"line":161,"column":8},"end":{"line":161,"column":8}}]},"13":{"line":180,"type":"if","locations":[{"start":{"line":180,"column":8},"end":{"line":180,"column":8}},{"start":{"line":180,"column":8},"end":{"line":180,"column":8}}]},"14":{"line":195,"type":"if","locations":[{"start":{"line":195,"column":8},"end":{"line":195,"column":8}},{"start":{"line":195,"column":8},"end":{"line":195,"column":8}}]},"15":{"line":198,"type":"if","locations":[{"start":{"line":198,"column":8},"end":{"line":198,"column":8}},{"start":{"line":198,"column":8},"end":{"line":198,"column":8}}]},"16":{"line":202,"type":"if","locations":[{"start":{"line":202,"column":8},"end":{"line":202,"column":8}},{"start":{"line":202,"column":8},"end":{"line":202,"column":8}}]},"17":{"line":203,"type":"if","locations":[{"start":{"line":203,"column":8},"end":{"line":203,"column":8}},{"start":{"line":203,"column":8},"end":{"line":203,"column":8}}]},"18":{"line":204,"type":"if","locations":[{"start":{"line":204,"column":8},"end":{"line":204,"column":8}},{"start":{"line":204,"column":8},"end":{"line":204,"column":8}}]}}},"contracts/libraries/Offers.sol":{"l":{"46":6,"55":2,"68":30,"69":30,"71":30,"72":30,"73":30,"75":30,"82":0,"84":0,"85":0,"87":0,"97":5,"100":4,"102":4,"106":3,"107":3,"109":3,"110":2,"112":2,"113":2,"117":3,"120":3,"134":0,"135":0,"150":0,"152":0,"153":0,"155":0,"166":4},"path":"/Users/remybaranx/perso/projets/web3/swap-p2p/smart-contracts/contracts/libraries/Offers.sol","s":{"1":6,"2":2,"3":30,"4":30,"5":30,"6":30,"7":0,"8":0,"9":0,"10":5,"11":4,"12":4,"13":3,"14":3,"15":3,"16":2,"17":3,"18":0,"19":0,"20":0,"21":0,"22":0,"23":0,"24":4},"b":{"1":[0,0],"2":[0,0],"3":[4,1],"4":[3,1],"5":[2,1],"6":[0,0],"7":[0,0],"8":[0,0]},"f":{"1":6,"2":2,"3":30,"4":0,"5":5,"6":0,"7":0,"8":4},"fnMap":{"1":{"name":"_positionToIndex","line":45,"loc":{"start":{"line":45,"column":4},"end":{"line":47,"column":4}}},"2":{"name":"_indexToPosition","line":54,"loc":{"start":{"line":54,"column":4},"end":{"line":56,"column":4}}},"3":{"name":"add","line":64,"loc":{"start":{"line":64,"column":4},"end":{"line":76,"column":4}}},"4":{"name":"set","line":81,"loc":{"start":{"line":81,"column":4},"end":{"line":88,"column":4}}},"5":{"name":"remove","line":94,"loc":{"start":{"line":94,"column":4},"end":{"line":122,"column":4}}},"6":{"name":"contains","line":129,"loc":{"start":{"line":129,"column":4},"end":{"line":136,"column":4}}},"7":{"name":"get","line":145,"loc":{"start":{"line":145,"column":4},"end":{"line":156,"column":4}}},"8":{"name":"getAll","line":161,"loc":{"start":{"line":161,"column":4},"end":{"line":167,"column":4}}}},"statementMap":{"1":{"start":{"line":46,"column":8},"end":{"line":46,"column":22}},"2":{"start":{"line":55,"column":8},"end":{"line":55,"column":24}},"3":{"start":{"line":68,"column":8},"end":{"line":68,"column":33}},"4":{"start":{"line":69,"column":8},"end":{"line":69,"column":60}},"5":{"start":{"line":72,"column":8},"end":{"line":72,"column":33}},"6":{"start":{"line":75,"column":8},"end":{"line":75,"column":25}},"7":{"start":{"line":82,"column":8},"end":{"line":82,"column":53}},"8":{"start":{"line":84,"column":8},"end":{"line":84,"column":54}},"9":{"start":{"line":85,"column":8},"end":{"line":85,"column":56}},"10":{"start":{"line":97,"column":8},"end":{"line":97,"column":55}},"11":{"start":{"line":100,"column":8},"end":{"line":100,"column":53}},"12":{"start":{"line":102,"column":8},"end":{"line":102,"column":2997}},"13":{"start":{"line":106,"column":12},"end":{"line":106,"column":62}},"14":{"start":{"line":107,"column":12},"end":{"line":107,"column":71}},"15":{"start":{"line":109,"column":12},"end":{"line":109,"column":3407}},"16":{"start":{"line":110,"column":16},"end":{"line":110,"column":66}},"17":{"start":{"line":117,"column":12},"end":{"line":117,"column":31}},"18":{"start":{"line":134,"column":8},"end":{"line":134,"column":57}},"19":{"start":{"line":135,"column":8},"end":{"line":135,"column":46}},"20":{"start":{"line":150,"column":8},"end":{"line":150,"column":52}},"21":{"start":{"line":152,"column":8},"end":{"line":152,"column":53}},"22":{"start":{"line":153,"column":8},"end":{"line":153,"column":56}},"23":{"start":{"line":155,"column":8},"end":{"line":155,"column":57}},"24":{"start":{"line":166,"column":8},"end":{"line":166,"column":29}}},"branchMap":{"1":{"line":82,"type":"if","locations":[{"start":{"line":82,"column":8},"end":{"line":82,"column":8}},{"start":{"line":82,"column":8},"end":{"line":82,"column":8}}]},"2":{"line":85,"type":"if","locations":[{"start":{"line":85,"column":8},"end":{"line":85,"column":8}},{"start":{"line":85,"column":8},"end":{"line":85,"column":8}}]},"3":{"line":97,"type":"if","locations":[{"start":{"line":97,"column":8},"end":{"line":97,"column":8}},{"start":{"line":97,"column":8},"end":{"line":97,"column":8}}]},"4":{"line":102,"type":"if","locations":[{"start":{"line":102,"column":8},"end":{"line":102,"column":8}},{"start":{"line":102,"column":8},"end":{"line":102,"column":8}}]},"5":{"line":109,"type":"if","locations":[{"start":{"line":109,"column":12},"end":{"line":109,"column":12}},{"start":{"line":109,"column":12},"end":{"line":109,"column":12}}]},"6":{"line":134,"type":"if","locations":[{"start":{"line":134,"column":8},"end":{"line":134,"column":8}},{"start":{"line":134,"column":8},"end":{"line":134,"column":8}}]},"7":{"line":150,"type":"if","locations":[{"start":{"line":150,"column":8},"end":{"line":150,"column":8}},{"start":{"line":150,"column":8},"end":{"line":150,"column":8}}]},"8":{"line":153,"type":"if","locations":[{"start":{"line":153,"column":8},"end":{"line":153,"column":8}},{"start":{"line":153,"column":8},"end":{"line":153,"column":8}}]}}},"contracts/mocks/OffersMock.sol":{"l":{"13":0,"20":30,"26":5,"34":0,"42":0,"50":4},"path":"/Users/remybaranx/perso/projets/web3/swap-p2p/smart-contracts/contracts/mocks/OffersMock.sol","s":{"1":0,"2":30,"3":5,"4":0,"5":0,"6":4},"b":{},"f":{"1":0,"2":30,"3":5,"4":0,"5":0,"6":4},"fnMap":{"1":{"name":"set","line":12,"loc":{"start":{"line":12,"column":4},"end":{"line":14,"column":4}}},"2":{"name":"add","line":16,"loc":{"start":{"line":16,"column":4},"end":{"line":21,"column":4}}},"3":{"name":"remove","line":23,"loc":{"start":{"line":23,"column":4},"end":{"line":27,"column":4}}},"4":{"name":"contains","line":29,"loc":{"start":{"line":29,"column":4},"end":{"line":35,"column":4}}},"5":{"name":"get","line":37,"loc":{"start":{"line":37,"column":4},"end":{"line":43,"column":4}}},"6":{"name":"getAll","line":45,"loc":{"start":{"line":45,"column":4},"end":{"line":51,"column":4}}}},"statementMap":{"1":{"start":{"line":13,"column":8},"end":{"line":13,"column":33}},"2":{"start":{"line":20,"column":8},"end":{"line":20,"column":41}},"3":{"start":{"line":26,"column":8},"end":{"line":26,"column":38}},"4":{"start":{"line":34,"column":8},"end":{"line":34,"column":48}},"5":{"start":{"line":42,"column":8},"end":{"line":42,"column":43}},"6":{"start":{"line":50,"column":8},"end":{"line":50,"column":37}}},"branchMap":{}},"contracts/tests/PresetToken.sol":{"l":{"12":0},"path":"/Users/remybaranx/perso/projets/web3/swap-p2p/smart-contracts/contracts/tests/PresetToken.sol","s":{"1":0},"b":{},"f":{"1":0},"fnMap":{"1":{"name":"constructor","line":11,"loc":{"start":{"line":11,"column":4},"end":{"line":13,"column":4}}}},"statementMap":{"1":{"start":{"line":12,"column":8},"end":{"line":12,"column":58}}},"branchMap":{}}}